[2025-09-17 19:28:34,824][__main__][WARNING] - Start Federated Learning
[2025-09-17 19:28:34,849][datasets.fl_dataset][INFO] - create_transforms
[2025-09-17 19:28:34,850][datasets.fl_dataset][INFO] - cfg_transforms:
- padding: 4
  size: 32
  type: RandomCrop
- type: RandomHorizontalFlip
- type: ToTensor
- mean:
  - 0.4914
  - 0.4822
  - 0.4465
  std:
  - 0.2023
  - 0.1994
  - 0.201
  type: Normalize

[2025-09-17 19:28:34,850][datasets.fl_dataset][INFO] - create_transforms
[2025-09-17 19:28:34,851][datasets.fl_dataset][INFO] - cfg_transforms:
- type: ToTensor
- mean:
  - 0.4914
  - 0.4822
  - 0.4465
  std:
  - 0.2023
  - 0.1994
  - 0.201
  type: Normalize

