[2025-09-17 19:41:42,285][__main__][INFO] - Start Federated Learning
[2025-09-17 19:41:42,333][datasets.fl_dataset][INFO] - create_transforms
[2025-09-17 19:41:42,333][datasets.fl_dataset][INFO] - cfg_transforms:
- padding: 4
  size: 32
  type: RandomCrop
- type: RandomHorizontalFlip
- type: ToTensor
- mean:
  - 0.4914
  - 0.4822
  - 0.4465
  std:
  - 0.2023
  - 0.1994
  - 0.201
  type: Normalize

[2025-09-17 19:41:42,334][datasets.fl_dataset][INFO] - create_transforms
[2025-09-17 19:41:42,334][datasets.fl_dataset][INFO] - cfg_transforms:
- type: ToTensor
- mean:
  - 0.4914
  - 0.4822
  - 0.4465
  std:
  - 0.2023
  - 0.1994
  - 0.201
  type: Normalize

