09/18/2025 21:03:54 INFO	[utils.utils]	🌱 Setting random seed to 1234 for reproducibility
09/18/2025 21:03:54 INFO	[utils.utils]	✅ Random seed fixed for reproducible results
09/18/2025 21:03:54 INFO	[__main__]	GPU: NVIDIA GeForce RTX 3080
09/18/2025 21:03:54 INFO	[__main__]	Start: SFL-V1 ResNet18 on CIFAR10
09/18/2025 21:03:56 INFO	[__main__]	cifar10 train dataset(label) length: 50000
09/18/2025 21:03:56 INFO	[__main__]	cifar10 train dataset(label) unique: [0 1 2 3 4 5 6 7 8 9]
09/18/2025 21:03:56 INFO	[__main__]	dict_users with dirichlet distribution
09/18/2025 21:03:56 INFO	[__main__]			dict_users[0] length: 3839
09/18/2025 21:03:56 INFO	[__main__]			dict_users[1] length: 6669
09/18/2025 21:03:56 INFO	[__main__]			dict_users[2] length: 3132
09/18/2025 21:03:56 INFO	[__main__]			dict_users[3] length: 8201
09/18/2025 21:03:56 INFO	[__main__]			dict_users[4] length: 7853
09/18/2025 21:03:56 INFO	[__main__]			dict_users[5] length: 1702
09/18/2025 21:03:56 INFO	[__main__]			dict_users[6] length: 7559
09/18/2025 21:03:56 INFO	[__main__]			dict_users[7] length: 3721
09/18/2025 21:03:56 INFO	[__main__]			dict_users[8] length: 4213
09/18/2025 21:03:56 INFO	[__main__]			dict_users[9] length: 3111
09/18/2025 21:03:56 INFO	[__main__]	total_items_count: 50000
09/18/2025 21:04:13 INFO	[__main__]	Client5 Train => Local Epoch: 0 	Acc: 30.087 	Loss: 2.6287
09/18/2025 21:04:14 INFO	[__main__]	Client5 Train => Local Epoch: 1 	Acc: 43.779 	Loss: 1.6453
09/18/2025 21:04:14 INFO	[__main__]	Client5 Train => Local Epoch: 2 	Acc: 51.189 	Loss: 1.4052
09/18/2025 21:04:15 INFO	[__main__]	Client5 Train => Local Epoch: 3 	Acc: 55.845 	Loss: 1.2755
09/18/2025 21:04:16 INFO	[__main__]	Client5 Train => Local Epoch: 4 	Acc: 55.956 	Loss: 1.2420
09/18/2025 21:04:16 INFO	[__main__]	Client5 Test =>                   	Acc: 11.200 	Loss: 4.5241
09/18/2025 21:04:17 INFO	[__main__]	Client7 Train => Local Epoch: 0 	Acc: 35.087 	Loss: 2.2353
09/18/2025 21:04:18 INFO	[__main__]	Client7 Train => Local Epoch: 1 	Acc: 41.716 	Loss: 1.6458
09/18/2025 21:04:19 INFO	[__main__]	Client7 Train => Local Epoch: 2 	Acc: 46.001 	Loss: 1.5020
09/18/2025 21:04:20 INFO	[__main__]	Client7 Train => Local Epoch: 3 	Acc: 48.200 	Loss: 1.4266
09/18/2025 21:04:21 INFO	[__main__]	Client7 Train => Local Epoch: 4 	Acc: 50.237 	Loss: 1.3491
09/18/2025 21:04:22 INFO	[__main__]	Client7 Test =>                   	Acc: 13.000 	Loss: 4.5057
09/18/2025 21:04:24 INFO	[__main__]	Client1 Train => Local Epoch: 0 	Acc: 53.571 	Loss: 1.6412
09/18/2025 21:04:26 INFO	[__main__]	Client1 Train => Local Epoch: 1 	Acc: 62.526 	Loss: 1.1192
09/18/2025 21:04:28 INFO	[__main__]	Client1 Train => Local Epoch: 2 	Acc: 66.727 	Loss: 0.9904
09/18/2025 21:04:30 INFO	[__main__]	Client1 Train => Local Epoch: 3 	Acc: 69.644 	Loss: 0.8949
09/18/2025 21:04:32 INFO	[__main__]	Client1 Train => Local Epoch: 4 	Acc: 71.233 	Loss: 0.8268
09/18/2025 21:04:32 INFO	[__main__]	Client1 Test =>                   	Acc: 10.200 	Loss: 4.5085
09/18/2025 21:04:33 INFO	[__main__]	Client2 Train => Local Epoch: 0 	Acc: 45.750 	Loss: 1.8662
09/18/2025 21:04:34 INFO	[__main__]	Client2 Train => Local Epoch: 1 	Acc: 58.502 	Loss: 1.1938
09/18/2025 21:04:35 INFO	[__main__]	Client2 Train => Local Epoch: 2 	Acc: 64.367 	Loss: 1.0585
09/18/2025 21:04:36 INFO	[__main__]	Client2 Train => Local Epoch: 3 	Acc: 66.440 	Loss: 0.9790
09/18/2025 21:04:37 INFO	[__main__]	Client2 Train => Local Epoch: 4 	Acc: 68.873 	Loss: 0.9129
09/18/2025 21:04:37 INFO	[__main__]	Client2 Test =>                   	Acc: 10.500 	Loss: 4.5263
09/18/2025 21:04:39 INFO	[__main__]	Client3 Train => Local Epoch: 0 	Acc: 57.252 	Loss: 1.4313
09/18/2025 21:04:42 INFO	[__main__]	Client3 Train => Local Epoch: 1 	Acc: 66.449 	Loss: 1.0135
09/18/2025 21:04:44 INFO	[__main__]	Client3 Train => Local Epoch: 2 	Acc: 69.814 	Loss: 0.9031
09/18/2025 21:04:47 INFO	[__main__]	Client3 Train => Local Epoch: 3 	Acc: 72.389 	Loss: 0.8356
09/18/2025 21:04:49 INFO	[__main__]	Client3 Train => Local Epoch: 4 	Acc: 73.781 	Loss: 0.7987
09/18/2025 21:04:49 INFO	[__main__]	Client3 Test =>                   	Acc: 16.000 	Loss: 4.5049
09/18/2025 21:04:50 INFO	[__main__]	Client9 Train => Local Epoch: 0 	Acc: 44.738 	Loss: 1.9708
09/18/2025 21:04:51 INFO	[__main__]	Client9 Train => Local Epoch: 1 	Acc: 56.618 	Loss: 1.2674
09/18/2025 21:04:52 INFO	[__main__]	Client9 Train => Local Epoch: 2 	Acc: 59.779 	Loss: 1.1448
09/18/2025 21:04:53 INFO	[__main__]	Client9 Train => Local Epoch: 3 	Acc: 65.448 	Loss: 1.0210
09/18/2025 21:04:54 INFO	[__main__]	Client9 Train => Local Epoch: 4 	Acc: 67.988 	Loss: 0.9622
09/18/2025 21:04:54 INFO	[__main__]	Client9 Test =>                   	Acc: 13.200 	Loss: 4.5222
09/18/2025 21:04:57 INFO	[__main__]	Client4 Train => Local Epoch: 0 	Acc: 53.167 	Loss: 1.5858
09/18/2025 21:04:59 INFO	[__main__]	Client4 Train => Local Epoch: 1 	Acc: 61.126 	Loss: 1.1546
09/18/2025 21:05:02 INFO	[__main__]	Client4 Train => Local Epoch: 2 	Acc: 64.203 	Loss: 1.0308
09/18/2025 21:05:04 INFO	[__main__]	Client4 Train => Local Epoch: 3 	Acc: 66.981 	Loss: 0.9629
09/18/2025 21:05:06 INFO	[__main__]	Client4 Train => Local Epoch: 4 	Acc: 69.839 	Loss: 0.8806
09/18/2025 21:05:06 INFO	[__main__]	Client4 Test =>                   	Acc: 10.000 	Loss: 4.5060
09/18/2025 21:05:09 INFO	[__main__]	Client6 Train => Local Epoch: 0 	Acc: 42.664 	Loss: 1.7289
09/18/2025 21:05:11 INFO	[__main__]	Client6 Train => Local Epoch: 1 	Acc: 51.365 	Loss: 1.2977
09/18/2025 21:05:13 INFO	[__main__]	Client6 Train => Local Epoch: 2 	Acc: 55.257 	Loss: 1.2162
09/18/2025 21:05:16 INFO	[__main__]	Client6 Train => Local Epoch: 3 	Acc: 58.908 	Loss: 1.1068
09/18/2025 21:05:18 INFO	[__main__]	Client6 Train => Local Epoch: 4 	Acc: 59.913 	Loss: 1.0581
09/18/2025 21:05:18 INFO	[__main__]	Client6 Test =>                   	Acc: 9.300 	Loss: 4.5055
09/18/2025 21:05:19 INFO	[__main__]	Client8 Train => Local Epoch: 0 	Acc: 47.131 	Loss: 1.8594
09/18/2025 21:05:21 INFO	[__main__]	Client8 Train => Local Epoch: 1 	Acc: 56.916 	Loss: 1.2509
09/18/2025 21:05:22 INFO	[__main__]	Client8 Train => Local Epoch: 2 	Acc: 62.515 	Loss: 1.0858
09/18/2025 21:05:23 INFO	[__main__]	Client8 Train => Local Epoch: 3 	Acc: 65.327 	Loss: 1.0103
09/18/2025 21:05:25 INFO	[__main__]	Client8 Train => Local Epoch: 4 	Acc: 67.254 	Loss: 0.9487
09/18/2025 21:05:25 INFO	[__main__]	Client8 Test =>                   	Acc: 8.100 	Loss: 4.5155
09/18/2025 21:05:26 INFO	[__main__]	Client0 Train => Local Epoch: 0 	Acc: 52.725 	Loss: 1.5510
09/18/2025 21:05:27 INFO	[__main__]	Client0 Train => Local Epoch: 1 	Acc: 65.486 	Loss: 1.0033
09/18/2025 21:05:28 INFO	[__main__]	Client0 Train => Local Epoch: 2 	Acc: 69.213 	Loss: 0.8986
09/18/2025 21:05:29 INFO	[__main__]	Client0 Train => Local Epoch: 3 	Acc: 71.478 	Loss: 0.8188
09/18/2025 21:05:31 INFO	[__main__]	Client0 Train => Local Epoch: 4 	Acc: 73.196 	Loss: 0.7674
09/18/2025 21:05:31 INFO	[__main__]	Client0 Test =>                   	Acc: 9.300 	Loss: 4.5167
09/18/2025 21:05:31 INFO	[__main__]	------------------------------------------------
09/18/2025 21:05:31 INFO	[__main__]	------ Federation process at Server-Side ------- 
09/18/2025 21:05:31 INFO	[__main__]	------------------------------------------------
09/18/2025 21:05:31 INFO	[__main__]	====================== SERVER V1==========================
09/18/2025 21:05:31 INFO	[__main__]	 Train: Round   0, Avg Accuracy 65.827 | Avg Loss 0.975
09/18/2025 21:05:31 INFO	[__main__]	 Test: Round   0, Avg Accuracy 11.080 | Avg Loss 4.514
09/18/2025 21:05:31 INFO	[__main__]	==========================================================
09/18/2025 21:05:31 INFO	[__main__]	-----------------------------------------------------------
09/18/2025 21:05:31 INFO	[__main__]	------ FedServer: Federation process at Client-Side ------- 
09/18/2025 21:05:31 INFO	[__main__]	-----------------------------------------------------------
09/18/2025 21:05:32 INFO	[__main__]	Client7 Train => Local Epoch: 0 	Acc: 46.403 	Loss: 1.5041
09/18/2025 21:05:33 INFO	[__main__]	Client7 Train => Local Epoch: 1 	Acc: 47.992 	Loss: 1.4199
09/18/2025 21:05:34 INFO	[__main__]	Client7 Train => Local Epoch: 2 	Acc: 52.101 	Loss: 1.3020
09/18/2025 21:05:35 INFO	[__main__]	Client7 Train => Local Epoch: 3 	Acc: 52.998 	Loss: 1.2720
09/18/2025 21:05:36 INFO	[__main__]	Client7 Train => Local Epoch: 4 	Acc: 58.116 	Loss: 1.1814
09/18/2025 21:05:37 INFO	[__main__]	Client7 Test =>                   	Acc: 17.700 	Loss: 2.9769
09/18/2025 21:05:39 INFO	[__main__]	Client4 Train => Local Epoch: 0 	Acc: 59.940 	Loss: 1.1724
09/18/2025 21:05:41 INFO	[__main__]	Client4 Train => Local Epoch: 1 	Acc: 66.650 	Loss: 0.9851
09/18/2025 21:05:44 INFO	[__main__]	Client4 Train => Local Epoch: 2 	Acc: 68.429 	Loss: 0.9128
09/18/2025 21:05:46 INFO	[__main__]	Client4 Train => Local Epoch: 3 	Acc: 70.716 	Loss: 0.8497
09/18/2025 21:05:49 INFO	[__main__]	Client4 Train => Local Epoch: 4 	Acc: 72.795 	Loss: 0.7810
09/18/2025 21:05:49 INFO	[__main__]	Client4 Test =>                   	Acc: 12.500 	Loss: 3.9013
09/18/2025 21:05:50 INFO	[__main__]	Client2 Train => Local Epoch: 0 	Acc: 60.846 	Loss: 1.1433
09/18/2025 21:05:51 INFO	[__main__]	Client2 Train => Local Epoch: 1 	Acc: 68.502 	Loss: 0.9403
09/18/2025 21:05:52 INFO	[__main__]	Client2 Train => Local Epoch: 2 	Acc: 70.179 	Loss: 0.8732
09/18/2025 21:05:53 INFO	[__main__]	Client2 Train => Local Epoch: 3 	Acc: 75.017 	Loss: 0.7701
09/18/2025 21:05:54 INFO	[__main__]	Client2 Train => Local Epoch: 4 	Acc: 76.504 	Loss: 0.7143
09/18/2025 21:05:54 INFO	[__main__]	Client2 Test =>                   	Acc: 16.700 	Loss: 2.9392
09/18/2025 21:05:56 INFO	[__main__]	Client1 Train => Local Epoch: 0 	Acc: 62.875 	Loss: 1.1153
09/18/2025 21:05:58 INFO	[__main__]	Client1 Train => Local Epoch: 1 	Acc: 68.437 	Loss: 0.9267
09/18/2025 21:06:00 INFO	[__main__]	Client1 Train => Local Epoch: 2 	Acc: 71.446 	Loss: 0.8400
09/18/2025 21:06:02 INFO	[__main__]	Client1 Train => Local Epoch: 3 	Acc: 73.813 	Loss: 0.7585
09/18/2025 21:06:04 INFO	[__main__]	Client1 Train => Local Epoch: 4 	Acc: 75.542 	Loss: 0.7123
09/18/2025 21:06:04 INFO	[__main__]	Client1 Test =>                   	Acc: 13.300 	Loss: 4.2900
09/18/2025 21:06:05 INFO	[__main__]	Client8 Train => Local Epoch: 0 	Acc: 58.354 	Loss: 1.2058
09/18/2025 21:06:07 INFO	[__main__]	Client8 Train => Local Epoch: 1 	Acc: 65.112 	Loss: 1.0205
09/18/2025 21:06:08 INFO	[__main__]	Client8 Train => Local Epoch: 2 	Acc: 68.924 	Loss: 0.9039
09/18/2025 21:06:09 INFO	[__main__]	Client8 Train => Local Epoch: 3 	Acc: 73.082 	Loss: 0.8102
09/18/2025 21:06:10 INFO	[__main__]	Client8 Train => Local Epoch: 4 	Acc: 74.012 	Loss: 0.7582
09/18/2025 21:06:11 INFO	[__main__]	Client8 Test =>                   	Acc: 20.400 	Loss: 3.1395
09/18/2025 21:06:11 INFO	[__main__]	Client5 Train => Local Epoch: 0 	Acc: 50.461 	Loss: 1.3825
09/18/2025 21:06:12 INFO	[__main__]	Client5 Train => Local Epoch: 1 	Acc: 56.996 	Loss: 1.2095
09/18/2025 21:06:12 INFO	[__main__]	Client5 Train => Local Epoch: 2 	Acc: 60.888 	Loss: 1.0898
09/18/2025 21:06:13 INFO	[__main__]	Client5 Train => Local Epoch: 3 	Acc: 60.127 	Loss: 1.0874
09/18/2025 21:06:13 INFO	[__main__]	Client5 Train => Local Epoch: 4 	Acc: 63.460 	Loss: 1.0147
09/18/2025 21:06:13 INFO	[__main__]	Client5 Test =>                   	Acc: 17.200 	Loss: 3.0277
09/18/2025 21:06:14 INFO	[__main__]	Client9 Train => Local Epoch: 0 	Acc: 59.617 	Loss: 1.1457
09/18/2025 21:06:15 INFO	[__main__]	Client9 Train => Local Epoch: 1 	Acc: 66.962 	Loss: 1.0100
09/18/2025 21:06:16 INFO	[__main__]	Client9 Train => Local Epoch: 2 	Acc: 71.760 	Loss: 0.8761
09/18/2025 21:06:17 INFO	[__main__]	Client9 Train => Local Epoch: 3 	Acc: 73.104 	Loss: 0.8180
09/18/2025 21:06:18 INFO	[__main__]	Client9 Train => Local Epoch: 4 	Acc: 76.720 	Loss: 0.7137
09/18/2025 21:06:18 INFO	[__main__]	Client9 Test =>                   	Acc: 10.000 	Loss: 4.0077
09/18/2025 21:06:20 INFO	[__main__]	Client0 Train => Local Epoch: 0 	Acc: 63.845 	Loss: 1.0472
09/18/2025 21:06:21 INFO	[__main__]	Client0 Train => Local Epoch: 1 	Acc: 69.445 	Loss: 0.8548
09/18/2025 21:06:22 INFO	[__main__]	Client0 Train => Local Epoch: 2 	Acc: 72.183 	Loss: 0.7795
09/18/2025 21:06:23 INFO	[__main__]	Client0 Train => Local Epoch: 3 	Acc: 74.915 	Loss: 0.7175
09/18/2025 21:06:24 INFO	[__main__]	Client0 Train => Local Epoch: 4 	Acc: 76.246 	Loss: 0.6855
09/18/2025 21:06:24 INFO	[__main__]	Client0 Test =>                   	Acc: 11.400 	Loss: 4.2519
09/18/2025 21:06:27 INFO	[__main__]	Client3 Train => Local Epoch: 0 	Acc: 64.124 	Loss: 1.0527
09/18/2025 21:06:29 INFO	[__main__]	Client3 Train => Local Epoch: 1 	Acc: 69.828 	Loss: 0.8908
09/18/2025 21:06:32 INFO	[__main__]	Client3 Train => Local Epoch: 2 	Acc: 70.230 	Loss: 0.8763
09/18/2025 21:06:35 INFO	[__main__]	Client3 Train => Local Epoch: 3 	Acc: 74.840 	Loss: 0.7509
09/18/2025 21:06:37 INFO	[__main__]	Client3 Train => Local Epoch: 4 	Acc: 76.581 	Loss: 0.7007
09/18/2025 21:06:37 INFO	[__main__]	Client3 Test =>                   	Acc: 8.000 	Loss: 4.3359
09/18/2025 21:06:40 INFO	[__main__]	Client6 Train => Local Epoch: 0 	Acc: 53.501 	Loss: 1.2409
09/18/2025 21:06:42 INFO	[__main__]	Client6 Train => Local Epoch: 1 	Acc: 59.090 	Loss: 1.0907
09/18/2025 21:06:44 INFO	[__main__]	Client6 Train => Local Epoch: 2 	Acc: 62.932 	Loss: 0.9700
09/18/2025 21:06:46 INFO	[__main__]	Client6 Train => Local Epoch: 3 	Acc: 65.474 	Loss: 0.9363
09/18/2025 21:06:49 INFO	[__main__]	Client6 Train => Local Epoch: 4 	Acc: 68.335 	Loss: 0.8531
09/18/2025 21:06:49 INFO	[__main__]	Client6 Test =>                   	Acc: 11.400 	Loss: 3.3350
09/18/2025 21:06:49 INFO	[__main__]	------------------------------------------------
09/18/2025 21:06:49 INFO	[__main__]	------ Federation process at Server-Side ------- 
09/18/2025 21:06:49 INFO	[__main__]	------------------------------------------------
09/18/2025 21:06:49 INFO	[__main__]	====================== SERVER V1==========================
09/18/2025 21:06:49 INFO	[__main__]	 Train: Round   1, Avg Accuracy 71.831 | Avg Loss 0.811
09/18/2025 21:06:49 INFO	[__main__]	 Test: Round   1, Avg Accuracy 13.860 | Avg Loss 3.621
09/18/2025 21:06:49 INFO	[__main__]	==========================================================
09/18/2025 21:06:49 INFO	[__main__]	-----------------------------------------------------------
09/18/2025 21:06:49 INFO	[__main__]	------ FedServer: Federation process at Client-Side ------- 
09/18/2025 21:06:49 INFO	[__main__]	-----------------------------------------------------------
09/18/2025 21:06:51 INFO	[__main__]	Client4 Train => Local Epoch: 0 	Acc: 66.803 	Loss: 0.9514
09/18/2025 21:06:54 INFO	[__main__]	Client4 Train => Local Epoch: 1 	Acc: 70.239 	Loss: 0.8427
09/18/2025 21:06:56 INFO	[__main__]	Client4 Train => Local Epoch: 2 	Acc: 73.016 	Loss: 0.7697
09/18/2025 21:06:59 INFO	[__main__]	Client4 Train => Local Epoch: 3 	Acc: 75.785 	Loss: 0.7009
09/18/2025 21:07:01 INFO	[__main__]	Client4 Train => Local Epoch: 4 	Acc: 77.603 	Loss: 0.6448
09/18/2025 21:07:01 INFO	[__main__]	Client4 Test =>                   	Acc: 27.100 	Loss: 2.1988
09/18/2025 21:07:03 INFO	[__main__]	Client6 Train => Local Epoch: 0 	Acc: 64.515 	Loss: 0.9680
09/18/2025 21:07:06 INFO	[__main__]	Client6 Train => Local Epoch: 1 	Acc: 67.052 	Loss: 0.8843
09/18/2025 21:07:08 INFO	[__main__]	Client6 Train => Local Epoch: 2 	Acc: 67.654 	Loss: 0.8897
09/18/2025 21:07:10 INFO	[__main__]	Client6 Train => Local Epoch: 3 	Acc: 70.891 	Loss: 0.8003
09/18/2025 21:07:13 INFO	[__main__]	Client6 Train => Local Epoch: 4 	Acc: 74.537 	Loss: 0.6956
09/18/2025 21:07:13 INFO	[__main__]	Client6 Test =>                   	Acc: 36.800 	Loss: 1.9584
09/18/2025 21:07:15 INFO	[__main__]	Client1 Train => Local Epoch: 0 	Acc: 71.749 	Loss: 0.8340
