[2025-09-17 20:19:40,785][utils.utils][INFO] - 🌱 Setting random seed to 1234 for reproducibility
[2025-09-17 20:19:40,803][utils.utils][INFO] - ✅ Random seed fixed for reproducible results
[2025-09-17 20:19:40,831][__main__][INFO] - GPU: NVIDIA GeForce RTX 3080
[2025-09-17 20:19:40,831][__main__][INFO] - FL ResNet18 on CIFAR10 Start ------------------------------
[2025-09-17 20:19:41,737][__main__][INFO] - dict_users with dirichlet distribution
[2025-09-17 20:19:41,737][__main__][INFO] - 		dict_users[0] length: 8920
[2025-09-17 20:19:41,737][__main__][INFO] - 		dict_users[1] length: 5929
[2025-09-17 20:19:41,737][__main__][INFO] - 		dict_users[2] length: 1384
[2025-09-17 20:19:41,737][__main__][INFO] - 		dict_users[3] length: 5749
[2025-09-17 20:19:41,737][__main__][INFO] - 		dict_users[4] length: 3899
[2025-09-17 20:19:41,737][__main__][INFO] - 		dict_users[5] length: 4493
[2025-09-17 20:19:41,737][__main__][INFO] - 		dict_users[6] length: 2122
[2025-09-17 20:19:41,737][__main__][INFO] - 		dict_users[7] length: 4612
[2025-09-17 20:19:41,737][__main__][INFO] - 		dict_users[8] length: 7607
[2025-09-17 20:19:41,737][__main__][INFO] - 		dict_users[9] length: 5285
[2025-09-17 20:19:41,737][__main__][INFO] - total_items_count: 50000
[2025-09-17 20:19:46,684][utils.utils][INFO] - [91m Client3 Train => Local Epoch: 0  	Acc: 93.162 	Loss: 0.2529[00m
[2025-09-17 20:19:49,485][utils.utils][INFO] - [91m Client3 Train => Local Epoch: 1  	Acc: 93.162 	Loss: 0.2676[00m
[2025-09-17 20:19:52,278][utils.utils][INFO] - [91m Client3 Train => Local Epoch: 2  	Acc: 95.727 	Loss: 0.1977[00m
[2025-09-17 20:19:55,069][utils.utils][INFO] - [91m Client3 Train => Local Epoch: 3  	Acc: 95.727 	Loss: 0.1379[00m
[2025-09-17 20:19:57,869][utils.utils][INFO] - [91m Client3 Train => Local Epoch: 4  	Acc: 93.162 	Loss: 0.2325[00m
[2025-09-17 20:19:58,132][utils.utils][INFO] - [92m Client3 Test =>                     	Loss: 4.5875 	Acc: 14.000[00m
[2025-09-17 20:20:01,016][utils.utils][INFO] - [91m Client1 Train => Local Epoch: 0  	Acc: 82.927 	Loss: 0.7285[00m
[2025-09-17 20:20:03,903][utils.utils][INFO] - [91m Client1 Train => Local Epoch: 1  	Acc: 75.610 	Loss: 0.5237[00m
[2025-09-17 20:20:06,786][utils.utils][INFO] - [91m Client1 Train => Local Epoch: 2  	Acc: 78.049 	Loss: 0.7569[00m
[2025-09-17 20:20:09,672][utils.utils][INFO] - [91m Client1 Train => Local Epoch: 3  	Acc: 78.049 	Loss: 0.4222[00m
[2025-09-17 20:20:12,561][utils.utils][INFO] - [91m Client1 Train => Local Epoch: 4  	Acc: 85.366 	Loss: 0.2522[00m
[2025-09-17 20:20:12,824][utils.utils][INFO] - [92m Client1 Test =>                     	Loss: 4.5844 	Acc: 10.000[00m
[2025-09-17 20:20:13,504][utils.utils][INFO] - [91m Client2 Train => Local Epoch: 0  	Acc: 57.692 	Loss: 1.5350[00m
[2025-09-17 20:20:14,181][utils.utils][INFO] - [91m Client2 Train => Local Epoch: 1  	Acc: 64.423 	Loss: 1.0566[00m
[2025-09-17 20:20:14,859][utils.utils][INFO] - [91m Client2 Train => Local Epoch: 2  	Acc: 61.538 	Loss: 1.0434[00m
[2025-09-17 20:20:15,535][utils.utils][INFO] - [91m Client2 Train => Local Epoch: 3  	Acc: 70.192 	Loss: 0.8603[00m
[2025-09-17 20:20:16,211][utils.utils][INFO] - [91m Client2 Train => Local Epoch: 4  	Acc: 70.192 	Loss: 0.8901[00m
[2025-09-17 20:20:16,474][utils.utils][INFO] - [92m Client2 Test =>                     	Loss: 4.5804 	Acc: 13.000[00m
